\BOOKMARK [-1][]{ctitle.-1}{\376\377\000Í\80¬\000¼\80Ã\000´\80ó\000Ñ\80§\000Ñ\80§\000Î\80»\000Â\80Û\000Î\80Ä\000\040\000L\000a\000T\000e\000X\000\040\000Ä\80£\000°\80å\000Ê\80¹\000Ó\80Ã\000Ê\80¾\000À\80ý}{}% 1
\BOOKMARK [0][]{tongjichapter.1.0}{\376\377\000Õ\80ª\000Ò\80ª}{ctitle.-1}% 2
\BOOKMARK [0][]{tongjichapter.2.0}{\376\377\000A\000b\000s\000t\000r\000a\000c\000t}{ctitle.-1}% 3
\BOOKMARK [0][]{tongjichapter.3.0}{\376\377\000Ä\80¿\000Â\80¼}{ctitle.-1}% 4
\BOOKMARK [0][]{tongjichapter.4.0}{\376\377\000Ö\80÷\000Ò\80ª\000·\80û\000º\80Å\000¶\80Ô\000Õ\80Õ\000±\80í}{ctitle.-1}% 5
\BOOKMARK [0][]{chapter.1}{\376\377\000µ\80Ú\000\040\0001\000\040\000Õ\80Â\000\040\000Ò\80ý\000Ñ\80Ô}{ctitle.-1}% 6
\BOOKMARK [1][-]{section.1.1}{\376\377\0001\000.\0001\000\040\000U\000N\000I\000X\000\040\000À\80ú\000Ê\80·}{chapter.1}% 7
\BOOKMARK [1][-]{section.1.2}{\376\377\0001\000.\0002\000\040\000U\000N\000I\000X\000\040\000¼\80Ò\000Æ\80×}{chapter.1}% 8
\BOOKMARK [1][-]{section.1.3}{\376\377\0001\000.\0003\000\040\000±\80í\000¸\80ñ\000Ñ\80ù\000±\80¾}{chapter.1}% 9
\BOOKMARK [2][-]{subsection.1.3.1}{\376\377\0001\000.\0003\000.\0001\000\040\000»\80ù\000±\80¾\000±\80í\000¸\80ñ}{section.1.3}% 10
\BOOKMARK [2][-]{subsection.1.3.2}{\376\377\0001\000.\0003\000.\0002\000\040\000¸\80´\000Ô\80Ó\000±\80í\000¸\80ñ}{section.1.3}% 11
\BOOKMARK [2][-]{subsection.1.3.3}{\376\377\0001\000.\0003\000.\0003\000\040\000Æ\80ä\000Ë\80ü}{section.1.3}% 12
\BOOKMARK [1][-]{section.1.4}{\376\377\0001\000.\0004\000\040\000¶\80¨\000À\80í\000»\80·\000¾\80³}{chapter.1}% 13
\BOOKMARK [1][-]{section.1.5}{\376\377\0001\000.\0005\000\040\000²\80Î\000¿\80¼\000Î\80Ä\000Ï\80×}{chapter.1}% 14
\BOOKMARK [1][-]{section.1.6}{\376\377\0001\000.\0006\000\040\000¹\80«\000Ê\80½}{chapter.1}% 15
\BOOKMARK [1][-]{section.1.7}{\376\377\0001\000.\0007\000\040\000Æ\80Æ\000Õ\80Û\000º\80Å}{chapter.1}% 16
\BOOKMARK [0][]{chapter.2}{\376\377\000µ\80Ú\000\040\0002\000\040\000Õ\80Â\000\040\000Ö\80Ð\000»\80ª\000È\80Ë\000Ã\80ñ\000¹\80²\000º\80Í\000¹\80ú}{ctitle.-1}% 17
\BOOKMARK [1][-]{section.2.1}{\376\377\0002\000.\0001\000\040\000Æ\80ä\000Ë\80ü\000À\80ý\000×\80Ó}{chapter.2}% 18
\BOOKMARK [2][-]{subsection.2.1.1}{\376\377\0002\000.\0001\000.\0001\000\040\000»\80æ\000Í\80¼}{section.2.1}% 19
\BOOKMARK [2][-]{subsection.2.1.2}{\376\377\0002\000.\0001\000.\0002\000\040\000²\80å\000Í\80¼}{section.2.1}% 20
\BOOKMARK [3][-]{subsubsection.2.1.2.1}{\376\377\0002\000.\0001\000.\0002\000.\0001\000\040\000Ò\80»\000¸\80ö\000Í\80¼\000Ð\80Î}{subsection.2.1.2}% 21
\BOOKMARK [3][-]{subsubsection.2.1.2.2}{\376\377\0002\000.\0001\000.\0002\000.\0002\000\040\000¶\80à\000¸\80ö\000Í\80¼\000Ð\80Î}{subsection.2.1.2}% 22
\BOOKMARK [0][]{section*.23}{\376\377\000Ö\80Â\000\040\000Ð\80»}{ctitle.-1}% 23
\BOOKMARK [0][]{appendix.A}{\376\377\000¸\80½\000Â\80¼\000\040\000A\000\040\000Í\80â\000Î\80Ä\000×\80Ê\000Á\80Ï\000Ô\80­\000Î\80Ä}{ctitle.-1}% 24
\BOOKMARK [1][-]{section.A.1}{\376\377\000A\000.\0001\000\040\000S\000i\000n\000g\000l\000e\000-\000O\000b\000j\000e\000c\000t\000i\000v\000e\000\040\000P\000r\000o\000g\000r\000a\000m\000m\000i\000n\000g}{appendix.A}% 25
\BOOKMARK [2][-]{subsection.A.1.1}{\376\377\000A\000.\0001\000.\0001\000\040\000L\000i\000n\000e\000a\000r\000\040\000P\000r\000o\000g\000r\000a\000m\000m\000i\000n\000g}{section.A.1}% 26
\BOOKMARK [2][-]{subsection.A.1.2}{\376\377\000A\000.\0001\000.\0002\000\040\000N\000o\000n\000l\000i\000n\000e\000a\000r\000\040\000P\000r\000o\000g\000r\000a\000m\000m\000i\000n\000g}{section.A.1}% 27
\BOOKMARK [2][-]{subsection.A.1.3}{\376\377\000A\000.\0001\000.\0003\000\040\000I\000n\000t\000e\000g\000e\000r\000\040\000P\000r\000o\000g\000r\000a\000m\000m\000i\000n\000g}{section.A.1}% 28
\BOOKMARK [0][]{appendix.B}{\376\377\000¸\80½\000Â\80¼\000\040\000B\000\040\000Í\80â\000Î\80Ä\000×\80Ê\000Á\80Ï\000µ\80Ä\000µ\80÷\000Ñ\80Ð\000Ô\80Ä\000¶\80Á\000±\80¨\000¸\80æ\000»\80ò\000Ê\80é\000Ã\80æ\000·\80­\000Ò\80ë}{ctitle.-1}% 29
\BOOKMARK [1][-]{section.B.1}{\376\377\000B\000.\0001\000\040\000µ\80¥\000Ä\80¿\000±\80ê\000¹\80æ\000»\80®}{appendix.B}% 30
\BOOKMARK [2][-]{subsection.B.1.1}{\376\377\000B\000.\0001\000.\0001\000\040\000Ï\80ß\000Ð\80Ô\000¹\80æ\000»\80®}{section.B.1}% 31
\BOOKMARK [2][-]{subsection.B.1.2}{\376\377\000B\000.\0001\000.\0002\000\040\000·\80Ç\000Ï\80ß\000Ð\80Ô\000¹\80æ\000»\80®}{section.B.1}% 32
\BOOKMARK [2][-]{subsection.B.1.3}{\376\377\000B\000.\0001\000.\0003\000\040\000Õ\80û\000Ê\80ý\000¹\80æ\000»\80®}{section.B.1}% 33
\BOOKMARK [0][]{appendix.C}{\376\377\000¸\80½\000Â\80¼\000\040\000C\000\040\000Æ\80ä\000Ë\80ü\000¸\80½\000Â\80¼}{ctitle.-1}% 34
\BOOKMARK [0][]{section*.36}{\376\377\000¸\80ö\000È\80Ë\000¼\80ò\000À\80ú\000¡\80¢\000Ô\80Ú\000Ñ\80§\000Æ\80Ú\000¼\80ä\000·\80¢\000±\80í\000µ\80Ä\000Ñ\80§\000Ê\80õ\000Â\80Û\000Î\80Ä\000Ó\80ë\000Ñ\80Ð\000¾\80¿\000³\80É\000¹\80û}{ctitle.-1}% 35
